KleioTranslator - server version 2019.A2 - build 311 (Import-identifications) 29/09/2020 07:34 
3-10-2020 14-21

Processing data file biographical-notes.cli
-------------------------------------------
Generic Act translation module with geoentities (XML).
     Joaquim Ramos de Carvalho (joaquim@uc.pt) 
** New document: kleio
=========================
kleio translation started
=========================
Structure: gacto2.str
Prefix: 
Autorel: 
Translation count: 21
Obs: 
** Processing source fonte$biographical-notes
6: lista$bio-notes-list-1
17: viagem$bio-alvaro-silveira-his3-4
38: viagem$bio-alessandro-valignano-his1-17
40: estadia$bio-alessandro-valignano-his2-18
42: viagem$bio-alessandro-valignano-his3-18
50: viagem$bio-michele-ruggieri-his4-19
58: estadia$bio-michele-ruggieri-his3-20
60: estadia$bio-michele-ruggieri-his4-20
*** End of File

Line 16 "SAME AS" TO EXTERNAL REFERENCE EXPORTED (ivc-goncalo-da-silveira) CHECK IF IT EXISTS BEFORE IMPORTING THIS FILE.

** Processed file- /kleio-home/sources/toliveira/sources/biographical-notes.cli
** Original file- /kleio-home/sources/toliveira/sources/biographical-notes.org
** Previous version- /kleio-home/sources/toliveira/sources/biographical-notes.old
** Temp file with ids- /kleio-home/sources/toliveira/sources/biographical-notes.ids
** - /kleio-home/sources/toliveira/sources/biographical-notes.cli-renamed to- /kleio-home/sources/toliveira/sources/biographical-notes.old
** - /kleio-home/sources/toliveira/sources/biographical-notes.ids-renamed to- /kleio-home/sources/toliveira/sources/biographical-notes.cli
** Translation files closed.
0  errors. 
0  warnings.
Translation finished.
