KleioTranslator - server version 12.7 - build 579 2025-01-29 17:45:15
14-4-2025 5-11

Processing data file dehergne-n.cli
-------------------------------------------
Generic Act translation module with geoentities (XML).
     Joaquim Ramos de Carvalho (joaquim@uc.pt) 
** New document: kleio
=========================
kleio translation started
=========================
Structure: gacto2.str
Prefix: 
Autorel: 
Translation count: 77
Obs: 
** Processing source fonte$dehergne-n
15: lista$dehergne-notices-n
*** End of File


Structure file: /kleio-home/structures/sources.str
Structure processing report: /kleio-home/structures/sources.srpt
Structure in JSON: /kleio-home/structures/sources.str.json

Kleio file: /kleio-home/sources/dehergne-n.cli
Original file: /kleio-home/sources/dehergne-n.org
Previous version: /kleio-home/sources/dehergne-n.old
Temp file with ids: /kleio-home/sources/dehergne-n.ids
** - /kleio-home/sources/dehergne-n.cli-renamed to- /kleio-home/sources/dehergne-n.old
0  errors. 
0  warnings.
Translation finished.
