KleioTranslator - server version 2021.A4 - build 1957 (master) 13/08/2021 16:53 
23-9-2021 12-2

Processing data file dehergne-m.cli
-------------------------------------------
Generic Act translation module with geoentities (XML).
     Joaquim Ramos de Carvalho (joaquim@uc.pt) 
** New document: kleio
=========================
kleio translation started
=========================
Structure: gacto2.str
Prefix: 
Autorel: 
Translation count: 155
Obs: 
** Processing source fonte$dehergne-m
** Base name of file dehergne-m in dehergne-m.cli
6: lista$dehergne-notices-m
*** End of File

Line 741 "SAME AS" TO EXTERNAL REFERENCE EXPORTED (deh-belchior-miguel-carneiro-leitao) CHECK IF IT EXISTS BEFORE IMPORTING THIS FILE.

** Processed file- /kleio-home/sources/toliveira/sources/dehergne-m.cli
** Original file- /kleio-home/sources/toliveira/sources/dehergne-m.org
** Previous version- /kleio-home/sources/toliveira/sources/dehergne-m.old
** Temp file with ids- /kleio-home/sources/toliveira/sources/dehergne-m.ids
** - /kleio-home/sources/toliveira/sources/dehergne-m.cli-renamed to- /kleio-home/sources/toliveira/sources/dehergne-m.old
** - /kleio-home/sources/toliveira/sources/dehergne-m.ids-renamed to- /kleio-home/sources/toliveira/sources/dehergne-m.cli
** Translation files closed.
0  errors. 
0  warnings.
Translation finished.
