KleioTranslator - server version 2021.A4 - build 1905 (master) 17/06/2021 10:51 
17-6-2021 3-50

Processing data file dehergne-l.cli
-------------------------------------------
Generic Act translation module with geoentities (XML).
     Joaquim Ramos de Carvalho (joaquim@uc.pt) 
** New document: kleio
=========================
kleio translation started
=========================
Structure: gacto2.str
Prefix: 
Autorel: 
Translation count: 124
Obs: 
** Processing source fonte$dehergne-l
** Base name of file dehergne-l.cli

WARNING: dehergne-l.cli line 3 * Warning: Filename should match source Id to avoid errors. File: dehergne-l.cli Id: dehergne-l.
Near lines: 3 
Near line: 4       lista$dehergne-notices-l/0/0/0

6: lista$dehergne-notices-l
*** End of File

Line 367 "SAME AS" TO EXTERNAL REFERENCE EXPORTED (deh-gabriel-leonard-de-brossard) CHECK IF IT EXISTS BEFORE IMPORTING THIS FILE.
Line 996 "SAME AS" TO EXTERNAL REFERENCE EXPORTED (deh-pierre-martial-cibot) CHECK IF IT EXISTS BEFORE IMPORTING THIS FILE.
Line 1459 "SAME AS" TO EXTERNAL REFERENCE EXPORTED (deh-manuel-mendes) CHECK IF IT EXISTS BEFORE IMPORTING THIS FILE.

** Processed file- /kleio-home/sources/toliveira-china/sources/dehergne-l.cli
** Original file- /kleio-home/sources/toliveira-china/sources/dehergne-l.org
** Previous version- /kleio-home/sources/toliveira-china/sources/dehergne-l.old
** Temp file with ids- /kleio-home/sources/toliveira-china/sources/dehergne-l.ids
** - /kleio-home/sources/toliveira-china/sources/dehergne-l.cli-renamed to- /kleio-home/sources/toliveira-china/sources/dehergne-l.old
** - /kleio-home/sources/toliveira-china/sources/dehergne-l.ids-renamed to- /kleio-home/sources/toliveira-china/sources/dehergne-l.cli
** Translation files closed.
0  errors. 
1  warnings.
Translation finished.
