KleioTranslator - server version 2021.A2 - build 344 (fix-dbpool) 23/04/2021 10:16 
23-4-2021 2-46

Processing data file dehergne-b.cli
-------------------------------------------
Generic Act translation module with geoentities (XML).
     Joaquim Ramos de Carvalho (joaquim@uc.pt) 
** New document: kleio
=========================
kleio translation started
=========================
Structure: gacto2.str
Prefix: 
Autorel: 
Translation count: 144
Obs: 
** Processing source fonte$dehergne-B
6: lista$dehergne-notices-b
*** End of File

Line 322 "SAME AS" TO EXTERNAL REFERENCE EXPORTED (bio-matteo-ricci) CHECK IF IT EXISTS BEFORE IMPORTING THIS FILE.
Line 350 "SAME AS" TO EXTERNAL REFERENCE EXPORTED (deh-antonio-de-abreu) CHECK IF IT EXISTS BEFORE IMPORTING THIS FILE.
Line 815 "SAME AS" TO EXTERNAL REFERENCE EXPORTED (deh-alessandro-cicero) CHECK IF IT EXISTS BEFORE IMPORTING THIS FILE.
Line 1420 "SAME AS" TO EXTERNAL REFERENCE EXPORTED (deh-louis-porquet) CHECK IF IT EXISTS BEFORE IMPORTING THIS FILE.

** Processed file- /kleio-home/sources/toliveira-china/sources/dehergne-b.cli
** Original file- /kleio-home/sources/toliveira-china/sources/dehergne-b.org
** Previous version- /kleio-home/sources/toliveira-china/sources/dehergne-b.old
** Temp file with ids- /kleio-home/sources/toliveira-china/sources/dehergne-b.ids
** - /kleio-home/sources/toliveira-china/sources/dehergne-b.cli-renamed to- /kleio-home/sources/toliveira-china/sources/dehergne-b.old
** - /kleio-home/sources/toliveira-china/sources/dehergne-b.ids-renamed to- /kleio-home/sources/toliveira-china/sources/dehergne-b.cli
** Translation files closed.
0  errors. 
0  warnings.
Translation finished.
