KleioTranslator - server version 12.0 - build 541 (MHK: 2235/master) (2023-07-04 04:34:23, MHK: 06/08/2023 04:15 )
13-10-2023 4-46
KleioTranslator - server version 11.1 - build 537 (MHK: 2185/master) (2023-04-04 10:31:40, MHK: 21/05/2023 21:14 )
4-6-2023 3-19
KleioTranslator - server version @@VERSION@@ - build @@BUILD@@ @@DATE@@
16-7-2023 20-40

Processing data file dehergne-a.cli
-------------------------------------------
Generic Act translation module with geoentities (XML).
     Joaquim Ramos de Carvalho (joaquim@uc.pt) 
** New document: kleio
=========================
kleio translation started
=========================
Structure: gacto2.str
Prefix: 
Autorel: 
Translation count: 193
Obs: 
** Processing source fonte$dehergne-a
7: lista$dehergne-notices-a
*** End of File

Line 541 "SAME AS" TO EXTERNAL REFERENCE EXPORTED (deh-belchior-miguel-carneiro-leitao) CHECK IF IT EXISTS BEFORE IMPORTING THIS FILE.
Line 814 "SAME AS" TO EXTERNAL REFERENCE EXPORTED (deh-jean-regis-lieou) CHECK IF IT EXISTS BEFORE IMPORTING THIS FILE.
Line 876 "SAME AS" TO EXTERNAL REFERENCE EXPORTED (deh-alessandro-cicero) CHECK IF IT EXISTS BEFORE IMPORTING THIS FILE.

Structure file: /kleio-home/sources/dehergne/structures/sources.str
Structure processing report: /kleio-home/sources/dehergne/structures/sources.srpt
Structure in JSON: /kleio-home/sources/dehergne/structures/sources.str.json

Kleio file: /kleio-home/sources/dehergne/sources/dehergne-a.cli
Original file: /kleio-home/sources/dehergne/sources/dehergne-a.org
Previous version: /kleio-home/sources/dehergne/sources/dehergne-a.old
Temp file with ids: /kleio-home/sources/dehergne/sources/dehergne-a.ids
** - /kleio-home/sources/dehergne/sources/dehergne-a.cli-renamed to- /kleio-home/sources/dehergne/sources/dehergne-a.old
0  errors. 
0  warnings.
Translation finished.
