KleioTranslator - server version 11.1 - build 534 (MHK: 2175/master) (2023-03-28 14:49:22, MHK: 19/05/2023 18:48 )
6-6-2023 8-13

Processing data file dehergne-locations-1701.cli
-------------------------------------------
Generic Act translation module with geoentities (XML).
     Joaquim Ramos de Carvalho (joaquim@uc.pt) 
** New document: kleio
=========================
kleio translation started
=========================
Structure: gacto2.str
Prefix: 
Autorel: 
Translation count: 5
Obs: 
** Processing source fonte$dehergne-locations-1701
92: geodesc$deh-chre-1701
*** End of File


Structure file: /kleio-home/system/conf/kleio/stru/gacto2.str
Structure processing report: /kleio-home/system/conf/kleio/stru/gacto2.srpt
Structure in JSON: /kleio-home/system/conf/kleio/stru/gacto2.str.json

Kleio file: /kleio-home/sources/china-coimbra/sources/dehergne-repertoire/sources/dehergne-locations-1701.cli
Original file: /kleio-home/sources/china-coimbra/sources/dehergne-repertoire/sources/dehergne-locations-1701.org
Previous version: /kleio-home/sources/china-coimbra/sources/dehergne-repertoire/sources/dehergne-locations-1701.old
Temp file with ids: /kleio-home/sources/china-coimbra/sources/dehergne-repertoire/sources/dehergne-locations-1701.ids
** - /kleio-home/sources/china-coimbra/sources/dehergne-repertoire/sources/dehergne-locations-1701.cli-renamed to- /kleio-home/sources/china-coimbra/sources/dehergne-repertoire/sources/dehergne-locations-1701.old
0  errors. 
0  warnings.
Translation finished.
