KleioTranslator - server version 12.0 - build 541 (MHK: 2235/master) (2023-07-04 04:34:23, MHK: 06/08/2023 04:15 )
13-10-2023 4-47

Processing data file dehergne-f.cli
-------------------------------------------
Generic Act translation module with geoentities (XML).
     Joaquim Ramos de Carvalho (joaquim@uc.pt) 
** New document: kleio
=========================
kleio translation started
=========================
Structure: gacto2.str
Prefix: 
Autorel: 
Translation count: 124
Obs: 
** Processing source fonte$dehergne-f
7: lista$dehergne-notices-f
*** End of File

Line 1126 "SAME AS" TO EXTERNAL REFERENCE EXPORTED (deh-charles-de-belleville) CHECK IF IT EXISTS BEFORE IMPORTING THIS FILE.
Line 1220 "SAME AS" TO EXTERNAL REFERENCE EXPORTED (deh-joachim-bouvet) CHECK IF IT EXISTS BEFORE IMPORTING THIS FILE.
Line 1511 "SAME AS" TO EXTERNAL REFERENCE EXPORTED (deh-nicolas-dufour) CHECK IF IT EXISTS BEFORE IMPORTING THIS FILE.

Structure file: /kleio-home/sources/dehergne/structures/sources.str
Structure processing report: /kleio-home/sources/dehergne/structures/sources.srpt
Structure in JSON: /kleio-home/sources/dehergne/structures/sources.str.json

Kleio file: /kleio-home/sources/dehergne/sources/dehergne-f.cli
Original file: /kleio-home/sources/dehergne/sources/dehergne-f.org
Previous version: /kleio-home/sources/dehergne/sources/dehergne-f.old
Temp file with ids: /kleio-home/sources/dehergne/sources/dehergne-f.ids
** - /kleio-home/sources/dehergne/sources/dehergne-f.cli-renamed to- /kleio-home/sources/dehergne/sources/dehergne-f.old
0  errors. 
0  warnings.
Translation finished.
