KleioTranslator - server version 12.0 - build 541 (MHK: 2235/master) (2023-07-04 04:34:23, MHK: 06/08/2023 04:15 )
13-10-2023 4-46

Processing data file dehergne-p.cli
-------------------------------------------
Generic Act translation module with geoentities (XML).
     Joaquim Ramos de Carvalho (joaquim@uc.pt) 
** New document: kleio
=========================
kleio translation started
=========================
Structure: gacto2.str
Prefix: 
Autorel: 
Translation count: 127
Obs: 
** Processing source fonte$dehergne-p
7: lista$dehergne-notices-p
*** End of File

Line 778 "SAME AS" TO EXTERNAL REFERENCE EXPORTED (deh-antoine-thomas) CHECK IF IT EXISTS BEFORE IMPORTING THIS FILE.
Line 840 "SAME AS" TO EXTERNAL REFERENCE EXPORTED (deh-goncalo-alvares) CHECK IF IT EXISTS BEFORE IMPORTING THIS FILE.
Line 1505 "SAME AS" TO EXTERNAL REFERENCE EXPORTED (deh-louis-brouet) CHECK IF IT EXISTS BEFORE IMPORTING THIS FILE.

Structure file: /kleio-home/sources/dehergne/structures/sources.str
Structure processing report: /kleio-home/sources/dehergne/structures/sources.srpt
Structure in JSON: /kleio-home/sources/dehergne/structures/sources.str.json

Kleio file: /kleio-home/sources/dehergne/sources/dehergne-p.cli
Original file: /kleio-home/sources/dehergne/sources/dehergne-p.org
Previous version: /kleio-home/sources/dehergne/sources/dehergne-p.old
Temp file with ids: /kleio-home/sources/dehergne/sources/dehergne-p.ids
** - /kleio-home/sources/dehergne/sources/dehergne-p.cli-renamed to- /kleio-home/sources/dehergne/sources/dehergne-p.old
0  errors. 
0  warnings.
Translation finished.
