KleioTranslator - server version 10.14 - build 414 (MHK: 2069/fix-kleio-tokens) (2021-10-09 20:15:18, MHK: 07/04/2022 18:21 )
31-10-2022 6-36

Processing data file dehergne-c.cli
-------------------------------------------
Generic Act translation module with geoentities (XML).
     Joaquim Ramos de Carvalho (joaquim@uc.pt) 
** New document: kleio
=========================
kleio translation started
=========================
Structure: gacto2.str
Prefix: 
Autorel: 
Translation count: 189
Obs: 
** Processing source fonte$dehergne-c
6: lista$dehergne-notices-c
*** End of File

Line 1536 "SAME AS" TO EXTERNAL REFERENCE EXPORTED (deh-francisco-cabral) CHECK IF IT EXISTS BEFORE IMPORTING THIS FILE.

** Processed file- /kleio-home/sources/china-coimbra/sources/dehergne-repertoire/sources/dehergne-c.cli
** Original file- /kleio-home/sources/china-coimbra/sources/dehergne-repertoire/sources/dehergne-c.org
** Previous version- /kleio-home/sources/china-coimbra/sources/dehergne-repertoire/sources/dehergne-c.old
** Temp file with ids- /kleio-home/sources/china-coimbra/sources/dehergne-repertoire/sources/dehergne-c.ids
** - /kleio-home/sources/china-coimbra/sources/dehergne-repertoire/sources/dehergne-c.cli-renamed to- /kleio-home/sources/china-coimbra/sources/dehergne-repertoire/sources/dehergne-c.old
0  errors. 
0  warnings.
Translation finished.
