KleioTranslator - server version 2021.A4 - build 1957 (master) 13/08/2021 16:53 
23-9-2021 12-4

Processing data file dehergne-v.cli
-------------------------------------------
Generic Act translation module with geoentities (XML).
     Joaquim Ramos de Carvalho (joaquim@uc.pt) 
** New document: kleio
=========================
kleio translation started
=========================
Structure: gacto2.str
Prefix: 
Autorel: 
Translation count: 56
Obs: 
** Processing source fonte$dehergne-v
** Base name of file dehergne-v in dehergne-v.cli
6: lista$dehergne-notices-v
*** End of File

Line 797 "SAME AS" TO EXTERNAL REFERENCE EXPORTED (deh-philippe-couplet) CHECK IF IT EXISTS BEFORE IMPORTING THIS FILE.

** Processed file- /kleio-home/sources/toliveira/sources/dehergne-v.cli
** Original file- /kleio-home/sources/toliveira/sources/dehergne-v.org
** Previous version- /kleio-home/sources/toliveira/sources/dehergne-v.old
** Temp file with ids- /kleio-home/sources/toliveira/sources/dehergne-v.ids
** - /kleio-home/sources/toliveira/sources/dehergne-v.cli-renamed to- /kleio-home/sources/toliveira/sources/dehergne-v.old
** - /kleio-home/sources/toliveira/sources/dehergne-v.ids-renamed to- /kleio-home/sources/toliveira/sources/dehergne-v.cli
** Translation files closed.
0  errors. 
0  warnings.
Translation finished.
