KleioTranslator - server version 2021.A4 - build 1905 (master) 17/06/2021 10:51 
17-6-2021 3-51

Processing data file dehergne-o.cli
-------------------------------------------
Generic Act translation module with geoentities (XML).
     Joaquim Ramos de Carvalho (joaquim@uc.pt) 
** New document: kleio
=========================
kleio translation started
=========================
Structure: gacto2.str
Prefix: 
Autorel: 
Translation count: 31
Obs: 
** Processing source fonte$dehergne-o
** Base name of file dehergne-o.cli

WARNING: dehergne-o.cli line 3 * Warning: Filename should match source Id to avoid errors. File: dehergne-o.cli Id: dehergne-o.
Near lines: 3 
Near line: 4       lista$dehergne-notices-o/0/0/0

6: lista$dehergne-notices-o
*** End of File

Line 44 "SAME AS" TO EXTERNAL REFERENCE EXPORTED (deh-gabriel-de-magalhaes) CHECK IF IT EXISTS BEFORE IMPORTING THIS FILE.
Line 147 "SAME AS" TO EXTERNAL REFERENCE EXPORTED (deh-miguel-do-amaral) CHECK IF IT EXISTS BEFORE IMPORTING THIS FILE.

** Processed file- /kleio-home/sources/toliveira-china/sources/dehergne-o.cli
** Original file- /kleio-home/sources/toliveira-china/sources/dehergne-o.org
** Previous version- /kleio-home/sources/toliveira-china/sources/dehergne-o.old
** Temp file with ids- /kleio-home/sources/toliveira-china/sources/dehergne-o.ids
** - /kleio-home/sources/toliveira-china/sources/dehergne-o.cli-renamed to- /kleio-home/sources/toliveira-china/sources/dehergne-o.old
** - /kleio-home/sources/toliveira-china/sources/dehergne-o.ids-renamed to- /kleio-home/sources/toliveira-china/sources/dehergne-o.cli
** Translation files closed.
0  errors. 
1  warnings.
Translation finished.
