KleioTranslator - server version 12.8 - build 591 2025-03-14 12:56:23
15-3-2025 4-28

Processing data file dehergne-i.cli
-------------------------------------------
Generic Act translation module with geoentities (XML).
     Joaquim Ramos de Carvalho (joaquim@uc.pt) 
** New document: kleio
=========================
kleio translation started
=========================
Structure: gacto2.str
Prefix: 
Autorel: 
Translation count: 40
Obs: 
** Processing source fonte$dehergne-i
7: lista$dehergne-notices-i
*** End of File


Structure file: /kleio-home/sources/dehergne-repertoire/structures/sources.str
Structure processing report: /kleio-home/sources/dehergne-repertoire/structures/sources.srpt
Structure in JSON: /kleio-home/sources/dehergne-repertoire/structures/sources.str.json

Kleio file: /kleio-home/sources/dehergne-repertoire/sources/dehergne-i.cli
Original file: /kleio-home/sources/dehergne-repertoire/sources/dehergne-i.org
Previous version: /kleio-home/sources/dehergne-repertoire/sources/dehergne-i.old
Temp file with ids: /kleio-home/sources/dehergne-repertoire/sources/dehergne-i.ids
** - /kleio-home/sources/dehergne-repertoire/sources/dehergne-i.cli-renamed to- /kleio-home/sources/dehergne-repertoire/sources/dehergne-i.old
0  errors. 
0  warnings.
Groups in this file:[mae,pai,referido,ls,n,lista,fonte,link,kleio]
Translation finished.
