KleioTranslator - server version 10.18 - build 463 (MHK: 2082/issue140) (2022-06-15 14:08:16, MHK: 22/11/2022 12:27 )
12-12-2022 11-41

Processing data file dehergne-other.cli
-------------------------------------------
Generic Act translation module with geoentities (XML).
     Joaquim Ramos de Carvalho (joaquim@uc.pt) 
** New document: kleio
=========================
kleio translation started
=========================
Structure: gacto2.str
Prefix: 
Autorel: 
Translation count: 134
Obs: 
** Processing source fonte$dehergne-other
8: lista$dehergne-notices-other
** Processing source fonte$limpar1

WARNING: dehergne-other.cli line 67 * Warning: Filename should match source Id to avoid errors. File: dehergne-other Id: limpar1.
Near lines: 67    fonte$limpar1/obs=limpa ficheiros n達o relacionados/substitui=imagem-virtude-coimbra
Near lines: 68    fonte$limpar2/obs=limpa ficheiros n達o relacionados/substitui=biographical-notes

** Processing source fonte$limpar2

WARNING: dehergne-other.cli line 68 * Warning: Filename should match source Id to avoid errors. File: dehergne-other Id: limpar2.
Near lines: 68    fonte$limpar2/obs=limpa ficheiros n達o relacionados/substitui=biographical-notes
Near lines: 69    fonte$limpar3/obs=limpa ficheiros n達o relacionados/substitui=tomas-pereira

** Processing source fonte$limpar3

WARNING: dehergne-other.cli line 69 * Warning: Filename should match source Id to avoid errors. File: dehergne-other Id: limpar3.
Near lines: 69 Near lines: 70 
*** End of File


** Processed file- /kleio-home/sources/china-coimbra/sources/dehergne-repertoire/sources/dehergne-other.cli
** Original file- /kleio-home/sources/china-coimbra/sources/dehergne-repertoire/sources/dehergne-other.org
** Previous version- /kleio-home/sources/china-coimbra/sources/dehergne-repertoire/sources/dehergne-other.old
** Temp file with ids- /kleio-home/sources/china-coimbra/sources/dehergne-repertoire/sources/dehergne-other.ids
** - /kleio-home/sources/china-coimbra/sources/dehergne-repertoire/sources/dehergne-other.cli-renamed to- /kleio-home/sources/china-coimbra/sources/dehergne-repertoire/sources/dehergne-other.old
0  errors. 
3  warnings.
Translation finished.
