KleioTranslator - server version 2021.A4 - build 1905 (master) 17/06/2021 10:51 
17-6-2021 3-50

Processing data file dehergne-y.cli
-------------------------------------------
Generic Act translation module with geoentities (XML).
     Joaquim Ramos de Carvalho (joaquim@uc.pt) 
** New document: kleio
=========================
kleio translation started
=========================
Structure: gacto2.str
Prefix: 
Autorel: 
Translation count: 11
Obs: 
** Processing source fonte$dehergne-y
** Base name of file dehergne-y.cli

WARNING: dehergne-y.cli line 3 * Warning: Filename should match source Id to avoid errors. File: dehergne-y.cli Id: dehergne-y.
Near lines: 3 
Near line: 4       lista$dehergne-notices-y/0/0/0

6: lista$dehergne-notices-y
*** End of File


** Processed file- /kleio-home/sources/toliveira-china/sources/dehergne-y.cli
** Original file- /kleio-home/sources/toliveira-china/sources/dehergne-y.org
** Previous version- /kleio-home/sources/toliveira-china/sources/dehergne-y.old
** Temp file with ids- /kleio-home/sources/toliveira-china/sources/dehergne-y.ids
** - /kleio-home/sources/toliveira-china/sources/dehergne-y.cli-renamed to- /kleio-home/sources/toliveira-china/sources/dehergne-y.old
** - /kleio-home/sources/toliveira-china/sources/dehergne-y.ids-renamed to- /kleio-home/sources/toliveira-china/sources/dehergne-y.cli
** Translation files closed.
0  errors. 
1  warnings.
Translation finished.
