KleioTranslator - server version @@VERSION@@ - build @@BUILD@@ @@DATE@@
29-6-2023 17-18

Processing data file dehergne-k.cli
-------------------------------------------
Generic Act translation module with geoentities (XML).
     Joaquim Ramos de Carvalho (joaquim@uc.pt) 
** New document: kleio
=========================
kleio translation started
=========================
Structure: gacto2.str
Prefix: 
Autorel: 
Translation count: 57
Obs: 
** Processing source fonte$dehergne-k
7: lista$dehergne-notices-k
*** End of File

Line 186 "SAME AS" TO EXTERNAL REFERENCE EXPORTED (deh-pierre-tchen) CHECK IF IT EXISTS BEFORE IMPORTING THIS FILE.

Structure file: /Users/jrc/mhk-home/sources/dehergne/structures/sources.str
Structure processing report: /Users/jrc/mhk-home/sources/dehergne/structures/sources.srpt
Structure in JSON: /Users/jrc/mhk-home/sources/dehergne/structures/sources.str.json

Kleio file: /Users/jrc/mhk-home/sources/dehergne/sources/dehergne-k.cli
Original file: /Users/jrc/mhk-home/sources/dehergne/sources/dehergne-k.org
Previous version: /Users/jrc/mhk-home/sources/dehergne/sources/dehergne-k.old
Temp file with ids: /Users/jrc/mhk-home/sources/dehergne/sources/dehergne-k.ids
** - /Users/jrc/mhk-home/sources/dehergne/sources/dehergne-k.cli-renamed to- /Users/jrc/mhk-home/sources/dehergne/sources/dehergne-k.old
0  errors. 
0  warnings.
Translation finished.
