KleioTranslator - server version 2021.A4 - build 1957 (master) 13/08/2021 16:53 
23-9-2021 12-3

Processing data file dehergne-x.cli
-------------------------------------------
Generic Act translation module with geoentities (XML).
     Joaquim Ramos de Carvalho (joaquim@uc.pt) 
** New document: kleio
=========================
kleio translation started
=========================
Structure: gacto2.str
Prefix: 
Autorel: 
Translation count: 16
Obs: 
** Processing source fonte$dehergne-x
** Base name of file dehergne-x in dehergne-x.cli
6: lista$dehergne-notices-x
*** End of File

Line 159 "SAME AS" TO EXTERNAL REFERENCE EXPORTED (deh-jacques-madeira-pao) CHECK IF IT EXISTS BEFORE IMPORTING THIS FILE.

** Processed file- /kleio-home/sources/toliveira/sources/dehergne-x.cli
** Original file- /kleio-home/sources/toliveira/sources/dehergne-x.org
** Previous version- /kleio-home/sources/toliveira/sources/dehergne-x.old
** Temp file with ids- /kleio-home/sources/toliveira/sources/dehergne-x.ids
** - /kleio-home/sources/toliveira/sources/dehergne-x.cli-renamed to- /kleio-home/sources/toliveira/sources/dehergne-x.old
** - /kleio-home/sources/toliveira/sources/dehergne-x.ids-renamed to- /kleio-home/sources/toliveira/sources/dehergne-x.cli
** Translation files closed.
0  errors. 
0  warnings.
Translation finished.
