KleioTranslator - server version 2021.A4 - build 1957 (master) 13/08/2021 16:53 
23-9-2021 11-59

Processing data file dehergne-h.cli
-------------------------------------------
Generic Act translation module with geoentities (XML).
     Joaquim Ramos de Carvalho (joaquim@uc.pt) 
** New document: kleio
=========================
kleio translation started
=========================
Structure: gacto2.str
Prefix: 
Autorel: 
Translation count: 41
Obs: 
** Processing source fonte$dehergne-h
** Base name of file dehergne-h in dehergne-h.cli
6: lista$dehergne-notices-h
*** End of File

Line 139 "SAME AS" TO EXTERNAL REFERENCE EXPORTED (deh-heinrich-van-vlierden) CHECK IF IT EXISTS BEFORE IMPORTING THIS FILE.
Line 403 "SAME AS" TO EXTERNAL REFERENCE EXPORTED (deh-francisco-xavier-rosario-ho) CHECK IF IT EXISTS BEFORE IMPORTING THIS FILE.

** Processed file- /kleio-home/sources/toliveira/sources/dehergne-h.cli
** Original file- /kleio-home/sources/toliveira/sources/dehergne-h.org
** Previous version- /kleio-home/sources/toliveira/sources/dehergne-h.old
** Temp file with ids- /kleio-home/sources/toliveira/sources/dehergne-h.ids
** - /kleio-home/sources/toliveira/sources/dehergne-h.cli-renamed to- /kleio-home/sources/toliveira/sources/dehergne-h.old
** - /kleio-home/sources/toliveira/sources/dehergne-h.ids-renamed to- /kleio-home/sources/toliveira/sources/dehergne-h.cli
** Translation files closed.
0  errors. 
0  warnings.
Translation finished.
